lib_qrcode/build/intermediates/manifest_merge_blame_file/debug/manifest-merger-blame-debug-report.txt
1<?xml version="1.0" encoding="utf-8"?>
2<manifest xmlns:android="http://schemas.android.com/apk/res/android"
3    package="com.lib_qrcode"
4    android:versionCode="1"
5    android:versionName="1.0" >
6
7    <uses-sdk
8        android:minSdkVersion="19"
8-->src/main/AndroidManifest.xml
9        android:targetSdkVersion="29" />
9-->src/main/AndroidManifest.xml
10
11    <uses-permission android:name="android.permission.VIBRATE" />
11-->src/main/AndroidManifest.xml:4:3-64
11-->src/main/AndroidManifest.xml:4:20-61
12    <uses-permission android:name="android.permission.CAMERA" />
12-->src/main/AndroidManifest.xml:5:3-63
12-->src/main/AndroidManifest.xml:5:20-60
13    <uses-permission android:name="android.permission.WAKE_LOCK" />
13-->src/main/AndroidManifest.xml:6:3-66
13-->src/main/AndroidManifest.xml:6:20-63
14    <uses-permission android:name="android.permission.FLASHLIGHT" />
14-->src/main/AndroidManifest.xml:7:3-67
14-->src/main/AndroidManifest.xml:7:20-64
15
16    <uses-feature android:name="android.hardware.camera" />
16-->src/main/AndroidManifest.xml:9:3-58
16-->src/main/AndroidManifest.xml:9:17-55
17    <uses-feature android:name="android.hardware.camera.autofocus" />
17-->src/main/AndroidManifest.xml:10:3-68
17-->src/main/AndroidManifest.xml:10:17-65
18
19    <application
19-->src/main/AndroidManifest.xml:12:3-21:17
20        android:allowBackup="true"
20-->src/main/AndroidManifest.xml:13:5-31
21        android:label="@string/app_name" >
21-->src/main/AndroidManifest.xml:14:5-37
22
23        <!-- 二维码相关 -->
24        <activity
24-->src/main/AndroidManifest.xml:16:5-20:57
25            android:name="com.lib_qrcode.zxing.app.CaptureActivity"
25-->src/main/AndroidManifest.xml:17:7-48
26            android:configChanges="orientation|keyboardHidden"
26-->src/main/AndroidManifest.xml:18:7-57
27            android:screenOrientation="portrait"
27-->src/main/AndroidManifest.xml:19:7-43
28            android:windowSoftInputMode="stateAlwaysHidden" />
28-->src/main/AndroidManifest.xml:20:7-54
29    </application>
30
31</manifest>